<?xml version="1.0" encoding="UTF-8"?>
<!-- Generated by org.testng.reporters.JUnitXMLReporter -->
<testsuite hostname="KiwiTechs-Mac-mini-4.local" ignored="0" name="Default test" tests="13" failures="0" timestamp="28 Sep 2018 13:27:17 GMT" time="33.102" errors="0">
  <testcase name="@BeforeClass beforeClass" time="29.618" classname="testModules.Property_HouseDetailsTest">
    <failure type="org.openqa.selenium.WebDriverException" message="An unknown server-side error occurred while processing the command. Original error: Error Domain=com.facebook.WebDriverAgent Code=1 &amp;quot;The element &amp;apos;Cell&amp;apos; is not visible on the screen and thus is not interactable&amp;quot; UserInfo={NSLocalizedDescription=The element &amp;apos;Cell&amp;apos; is not visible on the screen and thus is not interactable}
Build info: version: &amp;apos;3.14.0&amp;apos;, revision: &amp;apos;aacccce0&amp;apos;, time: &amp;apos;2018-08-02T20:19:58.91Z&amp;apos;
System info: host: &amp;apos;KiwiTechs-Mac-mini-4.local&amp;apos;, ip: &amp;apos;fe80:0:0:0:4ad:63b:eaf9:11bc%en0&amp;apos;, os.name: &amp;apos;Mac OS X&amp;apos;, os.arch: &amp;apos;x86_64&amp;apos;, os.version: &amp;apos;10.13.3&amp;apos;, java.version: &amp;apos;1.8.0_162&amp;apos;
Driver info: io.appium.java_client.ios.IOSDriver
Capabilities {autoDismissAlerts: true, automationName: XCUITest, browserName: , bundleId: com.homevestors.valuechek2, databaseEnabled: false, deviceName: Admin’s iPad, javascriptEnabled: true, locationContextEnabled: false, networkConnectionEnabled: false, newCommandTimeout: 60, noReset: true, platform: MAC, platformName: iOS, platformVersion: 11.3, takesScreenshot: true, udid: 4e9d674970ddf0f3245628d4172..., webStorageEnabled: false, xcodeOrgId: Q3HXH3MWZ2, xcodeSigningId: iPhone Developer}
Session ID: 362e5897-9ad8-4a2c-9af1-5b60715b3fe0">
      <![CDATA[org.openqa.selenium.WebDriverException: An unknown server-side error occurred while processing the command. Original error: Error Domain=com.facebook.WebDriverAgent Code=1 "The element 'Cell' is not visible on the screen and thus is not interactable" UserInfo={NSLocalizedDescription=The element 'Cell' is not visible on the screen and thus is not interactable}
Build info: version: '3.14.0', revision: 'aacccce0', time: '2018-08-02T20:19:58.91Z'
System info: host: 'KiwiTechs-Mac-mini-4.local', ip: 'fe80:0:0:0:4ad:63b:eaf9:11bc%en0', os.name: 'Mac OS X', os.arch: 'x86_64', os.version: '10.13.3', java.version: '1.8.0_162'
Driver info: io.appium.java_client.ios.IOSDriver
Capabilities {autoDismissAlerts: true, automationName: XCUITest, browserName: , bundleId: com.homevestors.valuechek2, databaseEnabled: false, deviceName: Admin’s iPad, javascriptEnabled: true, locationContextEnabled: false, networkConnectionEnabled: false, newCommandTimeout: 60, noReset: true, platform: MAC, platformName: iOS, platformVersion: 11.3, takesScreenshot: true, udid: 4e9d674970ddf0f3245628d4172..., webStorageEnabled: false, xcodeOrgId: Q3HXH3MWZ2, xcodeSigningId: iPhone Developer}
Session ID: 362e5897-9ad8-4a2c-9af1-5b60715b3fe0
at sun.reflect.NativeConstructorAccessorImpl.newInstance0(Native Method)
at sun.reflect.NativeConstructorAccessorImpl.newInstance(NativeConstructorAccessorImpl.java:62)
at sun.reflect.DelegatingConstructorAccessorImpl.newInstance(DelegatingConstructorAccessorImpl.java:45)
at java.lang.reflect.Constructor.newInstance(Constructor.java:423)
at org.openqa.selenium.remote.http.W3CHttpResponseCodec.createException(W3CHttpResponseCodec.java:187)
at org.openqa.selenium.remote.http.W3CHttpResponseCodec.decode(W3CHttpResponseCodec.java:122)
at org.openqa.selenium.remote.http.W3CHttpResponseCodec.decode(W3CHttpResponseCodec.java:49)
at org.openqa.selenium.remote.HttpCommandExecutor.execute(HttpCommandExecutor.java:158)
at io.appium.java_client.remote.AppiumCommandExecutor.execute(AppiumCommandExecutor.java:231)
at org.openqa.selenium.remote.RemoteWebDriver.execute(RemoteWebDriver.java:548)
at io.appium.java_client.DefaultGenericMobileDriver.execute(DefaultGenericMobileDriver.java:42)
at io.appium.java_client.AppiumDriver.execute(AppiumDriver.java:1)
at io.appium.java_client.ios.IOSDriver.execute(IOSDriver.java:1)
at org.openqa.selenium.remote.RemoteWebElement.execute(RemoteWebElement.java:276)
at io.appium.java_client.DefaultGenericMobileElement.execute(DefaultGenericMobileElement.java:45)
at io.appium.java_client.MobileElement.execute(MobileElement.java:1)
at io.appium.java_client.ios.IOSElement.execute(IOSElement.java:1)
at org.openqa.selenium.remote.RemoteWebElement.click(RemoteWebElement.java:83)
at sun.reflect.NativeMethodAccessorImpl.invoke0(Native Method)
at sun.reflect.NativeMethodAccessorImpl.invoke(NativeMethodAccessorImpl.java:62)
at sun.reflect.DelegatingMethodAccessorImpl.invoke(DelegatingMethodAccessorImpl.java:43)
at java.lang.reflect.Method.invoke(Method.java:498)
at io.appium.java_client.pagefactory.ElementInterceptor.getObject(ElementInterceptor.java:40)
at io.appium.java_client.pagefactory.interceptors.InterceptorOfASingleElement.intercept(InterceptorOfASingleElement.java:61)
at io.appium.java_client.ios.IOSElement$$EnhancerByCGLIB$$d311658.click(<generated>)
at testModules.Property_HouseDetailsTest.beforeClass(Property_HouseDetailsTest.java:37)
at sun.reflect.NativeMethodAccessorImpl.invoke0(Native Method)
at sun.reflect.NativeMethodAccessorImpl.invoke(NativeMethodAccessorImpl.java:62)
at sun.reflect.DelegatingMethodAccessorImpl.invoke(DelegatingMethodAccessorImpl.java:43)
at java.lang.reflect.Method.invoke(Method.java:498)
at org.testng.internal.MethodInvocationHelper.invokeMethod(MethodInvocationHelper.java:124)
at org.testng.internal.MethodInvocationHelper.invokeMethodConsideringTimeout(MethodInvocationHelper.java:59)
at org.testng.internal.Invoker.invokeConfigurationMethod(Invoker.java:455)
at org.testng.internal.Invoker.invokeConfigurations(Invoker.java:222)
at org.testng.internal.Invoker.invokeConfigurations(Invoker.java:142)
at org.testng.internal.TestMethodWorker.invokeBeforeClassMethods(TestMethodWorker.java:168)
at org.testng.internal.TestMethodWorker.run(TestMethodWorker.java:105)
at org.testng.TestRunner.privateRun(TestRunner.java:648)
at org.testng.TestRunner.run(TestRunner.java:505)
at org.testng.SuiteRunner.runTest(SuiteRunner.java:455)
at org.testng.SuiteRunner.runSequentially(SuiteRunner.java:450)
at org.testng.SuiteRunner.privateRun(SuiteRunner.java:415)
at org.testng.SuiteRunner.run(SuiteRunner.java:364)
at org.testng.SuiteRunnerWorker.runSuite(SuiteRunnerWorker.java:52)
at org.testng.SuiteRunnerWorker.run(SuiteRunnerWorker.java:84)
at org.testng.TestNG.runSuitesSequentially(TestNG.java:1208)
at org.testng.TestNG.runSuitesLocally(TestNG.java:1137)
at org.testng.TestNG.runSuites(TestNG.java:1049)
at org.testng.TestNG.run(TestNG.java:1017)
at org.testng.remote.AbstractRemoteTestNG.run(AbstractRemoteTestNG.java:114)
at org.testng.remote.RemoteTestNG.initAndRun(RemoteTestNG.java:251)
at org.testng.remote.RemoteTestNG.main(RemoteTestNG.java:77)
]]>
    </failure>
  </testcase> <!-- @BeforeClass beforeClass -->
  <testcase name="addressUpdate" time="0.0" classname="testModules.Property_HouseDetailsTest">
    <skipped/>
  </testcase> <!-- addressUpdate -->
  <testcase name="checkZillowField" time="0.0" classname="testModules.Property_HouseDetailsTest">
    <skipped/>
  </testcase> <!-- checkZillowField -->
  <testcase name="clickableLink" time="0.0" classname="testModules.Property_HouseDetailsTest">
    <skipped/>
  </testcase> <!-- clickableLink -->
  <testcase name="editZillowFields" time="0.0" classname="testModules.Property_HouseDetailsTest">
    <skipped/>
  </testcase> <!-- editZillowFields -->
  <testcase name="houseDetailsBtn" time="0.0" classname="testModules.Property_HouseDetailsTest">
    <skipped/>
  </testcase> <!-- houseDetailsBtn -->
  <testcase name="houseDetailsCell" time="0.0" classname="testModules.Property_HouseDetailsTest">
    <skipped/>
  </testcase> <!-- houseDetailsCell -->
  <testcase name="houseDetailsCheckmark" time="0.0" classname="testModules.Property_HouseDetailsTest">
    <skipped/>
  </testcase> <!-- houseDetailsCheckmark -->
  <testcase name="houseDetailsSelection" time="0.0" classname="testModules.Property_HouseDetailsTest">
    <skipped/>
  </testcase> <!-- houseDetailsSelection -->
  <testcase name="offlineBrandingCheck" time="0.0" classname="testModules.Property_HouseDetailsTest">
    <skipped/>
  </testcase> <!-- offlineBrandingCheck -->
  <testcase name="projectNameOnTop" time="0.0" classname="testModules.Property_HouseDetailsTest">
    <skipped/>
  </testcase> <!-- projectNameOnTop -->
  <testcase name="screenSections" time="0.0" classname="testModules.Property_HouseDetailsTest">
    <skipped/>
  </testcase> <!-- screenSections -->
  <testcase name="zillowLogo" time="0.0" classname="testModules.Property_HouseDetailsTest">
    <skipped/>
  </testcase> <!-- zillowLogo -->
  <testcase name="zillowText" time="0.0" classname="testModules.Property_HouseDetailsTest">
    <skipped/>
  </testcase> <!-- zillowText -->
</testsuite> <!-- Default test -->
