<?xml version="1.0" encoding="UTF-8"?>
<!-- Generated by org.testng.reporters.JUnitXMLReporter -->
<testsuite hostname="KiwiTechs-Mac-mini-5.local" ignored="0" name="Test" tests="109" failures="7" timestamp="16 Oct 2018 10:14:09 GMT" time="3209.672" errors="0">
  <testcase name="loginElementsDisplay" time="4.413" classname="testModules.LoginTests"/>
  <testcase name="stringVisiblity" time="8.11" classname="testModules.LoginTests"/>
  <testcase name="forgotPasswordPage" time="15.253" classname="testModules.LoginTests"/>
  <testcase name="forgotPasswordCancel" time="1.275" classname="testModules.LoginTests"/>
  <testcase name="TermsAndCondLink" time="7.256" classname="testModules.LoginTests"/>
  <testcase name="TermsAndCondOff" time="15.385" classname="testModules.LoginTests">
    <skipped/>
  </testcase> <!-- TermsAndCondOff -->
  <testcase name="TermsAndCondOff" time="16.102" classname="testModules.LoginTests">
    <failure type="java.lang.AssertionError" message="expected [true] but found [false]">
      <![CDATA[java.lang.AssertionError: expected [true] but found [false]
at testModules.LoginTests.TermsAndCondOff(LoginTests.java:165)
... Removed 31 stack frames]]>
    </failure>
  </testcase> <!-- TermsAndCondOff -->
  <testcase name="noUserAndPass" time="7.319" classname="testModules.LoginTests"/>
  <testcase name="noUsername" time="5.825" classname="testModules.LoginTests"/>
  <testcase name="noPassword" time="6.91" classname="testModules.LoginTests"/>
  <testcase name="wrongUsername" time="9.417" classname="testModules.LoginTests"/>
  <testcase name="wrongPassword" time="10.614" classname="testModules.LoginTests"/>
  <testcase name="wrongUserAndPass" time="10.31" classname="testModules.LoginTests"/>
  <testcase name="passwordInCaps" time="40.237" classname="testModules.LoginTests">
    <skipped/>
  </testcase> <!-- passwordInCaps -->
  <testcase name="passwordInCaps" time="35.913" classname="testModules.LoginTests">
    <failure type="java.lang.AssertionError" message="expected [true] but found [false]">
      <![CDATA[java.lang.AssertionError: expected [true] but found [false]
at testModules.LoginTests.passwordInCaps(LoginTests.java:313)
... Removed 31 stack frames]]>
    </failure>
  </testcase> <!-- passwordInCaps -->
  <testcase name="dismissKeyboard" time="2.355" classname="testModules.LoginTests">
    <skipped/>
  </testcase> <!-- dismissKeyboard -->
  <testcase name="dismissKeyboard" time="1.842" classname="testModules.LoginTests">
    <failure type="java.lang.AssertionError" message="expected [true] but found [false]">
      <![CDATA[java.lang.AssertionError: expected [true] but found [false]
at testModules.LoginTests.dismissKeyboard(LoginTests.java:333)
... Removed 31 stack frames]]>
    </failure>
  </testcase> <!-- dismissKeyboard -->
  <testcase name="positiveLogin" time="19.173" classname="testModules.LoginTests"/>
  <testcase name="checkLogin" time="6.787" classname="testModules.LoginTests"/>
  <testcase name="logOutUsernameCheck" time="0.596" classname="testModules.LoginTests"/>
  <testcase name="offlineLogin" time="42.072" classname="testModules.LoginTests"/>
  <testcase name="offlineLoginDiffUser" time="24.357" classname="testModules.LoginTests"/>
  <testcase name="checkHomeElements" time="5.302" classname="testModules.HomeScreenTests"/>
  <testcase name="propertiesInView" time="85.757" classname="testModules.HomeScreenTests"/>
  <testcase name="menuBtnCheck" time="2.325" classname="testModules.HomeScreenTests">
    <skipped/>
  </testcase> <!-- menuBtnCheck -->
  <testcase name="menuBtnCheck" time="3.046" classname="testModules.HomeScreenTests">
    <failure type="java.lang.AssertionError" message="expected [true] but found [false]">
      <![CDATA[java.lang.AssertionError: expected [true] but found [false]
at testModules.HomeScreenTests.menuBtnCheck(HomeScreenTests.java:120)
... Removed 31 stack frames]]>
    </failure>
  </testcase> <!-- menuBtnCheck -->
  <testcase name="menuCloseOutside" time="6.271" classname="testModules.HomeScreenTests"/>
  <testcase name="navDrawerScroll" time="25.171" classname="testModules.HomeScreenTests">
    <skipped/>
  </testcase> <!-- navDrawerScroll -->
  <testcase name="navDrawerScroll" time="24.706" classname="testModules.HomeScreenTests">
    <failure type="java.lang.AssertionError" message="expected [true] but found [false]">
      <![CDATA[java.lang.AssertionError: expected [true] but found [false]
at testModules.HomeScreenTests.navDrawerScroll(HomeScreenTests.java:171)
... Removed 31 stack frames]]>
    </failure>
  </testcase> <!-- navDrawerScroll -->
  <testcase name="navDrawerFolders" time="39.924" classname="testModules.HomeScreenTests"/>
  <testcase name="folderState" time="43.597" classname="testModules.HomeScreenTests"/>
  <testcase name="propertyPhases" time="12.909" classname="testModules.HomeScreenTests"/>
  <testcase name="autoSelectedPhases" time="18.837" classname="testModules.HomeScreenTests"/>
  <testcase name="propertyPhasesNumber" time="12.586" classname="testModules.HomeScreenTests"/>
  <testcase name="filterOnProperty" time="125.002" classname="testModules.HomeScreenTests"/>
  <testcase name="loanPhases" time="22.555" classname="testModules.HomeScreenTests"/>
  <testcase name="filterOnLoan" time="39.493" classname="testModules.HomeScreenTests"/>
  <testcase name="dateAdded" time="18.202" classname="testModules.HomeScreenTests"/>
  <testcase name="oneFilterOnly" time="30.737" classname="testModules.HomeScreenTests"/>
  <testcase name="team" time="37.324" classname="testModules.HomeScreenTests"/>
  <testcase name="closeAndOpenCheck" time="67.024" classname="testModules.HomeScreenTests"/>
  <testcase name="settingsHeader" time="21.171" classname="testModules.HomeScreenTests"/>
  <testcase name="logOut" time="7.552" classname="testModules.HomeScreenTests"/>
  <testcase name="newPropertyBtn" time="7.754" classname="testModules.New_PropertyTests"/>
  <testcase name="newPropertyCheck" time="9.906" classname="testModules.New_PropertyTests"/>
  <testcase name="tapPropertyOne" time="12.26" classname="testModules.New_PropertyTests"/>
  <testcase name="sellerPage" time="32.796" classname="testModules.New_PropertyTests"/>
  <testcase name="defaultPhase" time="11.742" classname="testModules.New_PropertyTests"/>
  <testcase name="charLimit" time="52.679" classname="testModules.New_PropertyTests"/>
  <testcase name="fillingSeller" time="98.49" classname="testModules.New_PropertyTests"/>
  <testcase name="wrongEmail" time="43.204" classname="testModules.New_PropertyTests"/>
  <testcase name="wrongState" time="33.23" classname="testModules.New_PropertyTests"/>
  <testcase name="editingSeller" time="51.104" classname="testModules.New_PropertyTests"/>
  <testcase name="tileCheck" time="10.268" classname="testModules.New_PropertyTests"/>
  <testcase name="redBell" time="38.02" classname="testModules.New_PropertyTests"/>
  <testcase name="projectNameOnTop" time="0.573" classname="testModules.Property_HouseDetailsTest"/>
  <testcase name="houseDetailsBtn" time="9.389" classname="testModules.Property_HouseDetailsTest"/>
  <testcase name="houseDetailsSelection" time="2.195" classname="testModules.Property_HouseDetailsTest"/>
  <testcase name="houseDetailsCell" time="3.151" classname="testModules.Property_HouseDetailsTest"/>
  <testcase name="screenSections" time="9.501" classname="testModules.Property_HouseDetailsTest"/>
  <testcase name="checkZillowField" time="12.299" classname="testModules.Property_HouseDetailsTest"/>
  <testcase name="houseDetailsCheckmark" time="5.769" classname="testModules.Property_HouseDetailsTest"/>
  <testcase name="zillowText" time="1.648" classname="testModules.Property_HouseDetailsTest"/>
  <testcase name="zillowLogo" time="10.415" classname="testModules.Property_HouseDetailsTest"/>
  <testcase name="clickableLogo" time="43.351" classname="testModules.Property_HouseDetailsTest">
    <skipped/>
  </testcase> <!-- clickableLogo -->
  <testcase name="clickableLogo" time="7.037" classname="testModules.Property_HouseDetailsTest">
    <failure type="java.lang.AssertionError" message="expected [true] but found [false]">
      <![CDATA[java.lang.AssertionError: expected [true] but found [false]
at testModules.Property_HouseDetailsTest.clickableLogo(Property_HouseDetailsTest.java:245)
... Removed 31 stack frames]]>
    </failure>
  </testcase> <!-- clickableLogo -->
  <testcase name="offlineBrandingCheck" time="19.929" classname="testModules.Property_HouseDetailsTest"/>
  <testcase name="addressUpdate" time="65.446" classname="testModules.Property_HouseDetailsTest"/>
  <testcase name="editZillowFields" time="47.666" classname="testModules.Property_HouseDetailsTest"/>
  <testcase name="addOnField" time="10.097" classname="testModules.Property_HouseDetailsTest"/>
  <testcase name="addOnDropDown" time="11.65" classname="testModules.Property_HouseDetailsTest"/>
  <testcase name="homeStyleDropDown" time="14.74" classname="testModules.Property_HouseDetailsTest"/>
  <testcase name="exteriorStyleDropDown" time="21.629" classname="testModules.Property_HouseDetailsTest"/>
  <testcase name="garageSizeDropDown" time="11.483" classname="testModules.Property_HouseDetailsTest"/>
  <testcase name="tapGarageCheckBox" time="4.023" classname="testModules.Property_HouseDetailsTest"/>
  <testcase name="garageConversionField" time="9.913" classname="testModules.Property_HouseDetailsTest"/>
  <testcase name="garageConversionDropDown" time="13.053" classname="testModules.Property_HouseDetailsTest"/>
  <testcase name="acDropDown" time="12.014" classname="testModules.Property_HouseDetailsTest"/>
  <testcase name="poolDropDown" time="13.286" classname="testModules.Property_HouseDetailsTest"/>
  <testcase name="hotTub" time="13.232" classname="testModules.Property_HouseDetailsTest"/>
  <testcase name="storageBuildingField" time="8.82" classname="testModules.Property_HouseDetailsTest"/>
  <testcase name="storageBuildingDropDown" time="11.469" classname="testModules.Property_HouseDetailsTest"/>
  <testcase name="houseDimensions" time="16.047" classname="testModules.Property_HouseDetailsTest"/>
  <testcase name="addFeature" time="15.057" classname="testModules.Property_HouseDetailsTest"/>
  <testcase name="addingDataInAmenities" time="32.248" classname="testModules.Property_HouseDetailsTest"/>
  <testcase name="deleteAmenities" time="8.545" classname="testModules.Property_HouseDetailsTest"/>
  <testcase name="selectPricingProfile" time="30.813" classname="testModules.Property_HouseDetailsTest"/>
  <testcase name="safeSize" time="4.93" classname="testModules.Property_HouseDetailsTest"/>
  <testcase name="safeSizeInfo" time="4.363" classname="testModules.Property_HouseDetailsTest"/>
  <testcase name="notesHouseDetails" time="14.625" classname="testModules.Property_HouseDetailsTest"/>
  <testcase name="comparablesCount" time="6.314" classname="testModules.Property_Comparables_Redbell">
    <skipped/>
  </testcase> <!-- comparablesCount -->
  <testcase name="comparablesCount" time="62.925" classname="testModules.Property_Comparables_Redbell"/>
  <testcase name="selectedComparables" time="21.281" classname="testModules.Property_Comparables_Redbell"/>
  <testcase name="atMostFour" time="84.416" classname="testModules.Property_Comparables_Redbell"/>
  <testcase name="costPerSqFt" time="37.951" classname="testModules.Property_Comparables_Redbell"/>
  <testcase name="editFields" time="61.155" classname="testModules.Property_Comparables_Redbell"/>
  <testcase name="scrolling" time="37.254" classname="testModules.Property_Comparables_Redbell"/>
  <testcase name="comparablesObjects" time="38.649" classname="testModules.Property_Comparables_Redbell"/>
  <testcase name="subjectProp" time="16.108" classname="testModules.Property_Comparables_Redbell">
    <skipped/>
  </testcase> <!-- subjectProp -->
  <testcase name="subjectProp" time="25.572" classname="testModules.Property_Comparables_Redbell"/>
  <testcase name="noCountTwice" time="8.901" classname="testModules.Property_Comparables_Redbell"/>
  <testcase name="notPopulated" time="22.985" classname="testModules.Property_Comparables_Redbell"/>
  <testcase name="acMenu" time="23.691" classname="testModules.Property_Comparables_Redbell"/>
  <testcase name="exteriorStyleMenu" time="36.641" classname="testModules.Property_Comparables_Redbell"/>
  <testcase name="reCalculateAvg" time="18.674" classname="testModules.Property_Comparables_Redbell"/>
  <testcase name="screenOrganised" time="16.979" classname="testModules.Property_Comparables_Redbell"/>
  <testcase name="countTwice" time="19.313" classname="testModules.Property_Comparables_Redbell"/>
  <testcase name="reportSupplied" time="37.218" classname="testModules.Property_Comparables_Redbell">
    <skipped/>
  </testcase> <!-- reportSupplied -->
  <testcase name="reportSupplied" time="52.029" classname="testModules.Property_Comparables_Redbell">
    <failure type="java.lang.AssertionError" message="expected [true] but found [false]">
      <![CDATA[java.lang.AssertionError: expected [true] but found [false]
at testModules.Property_Comparables_Redbell.reportSupplied(Property_Comparables_Redbell.java:404)
... Removed 31 stack frames]]>
    </failure>
  </testcase> <!-- reportSupplied -->
</testsuite> <!-- Test -->
