<!DOCTYPE html PUBLIC "-//W3C//DTD XHTML 1.1//EN" "http://www.w3.org/TR/xhtml11/DTD/xhtml11.dtd">
<html xmlns="http://www.w3.org/1999/xhtml">
<head>
<meta http-equiv="content-type" content="text/html; charset=UTF-8"/>
<title>TestNG Report</title>
<style type="text/css">table {margin-bottom:10px;border-collapse:collapse;empty-cells:show}th,td {border:1px solid #009;padding:.25em .5em}th {vertical-align:bottom}td {vertical-align:top}table a {font-weight:bold}.stripe td {background-color: #E6EBF9}.num {text-align:right}.passedodd td {background-color: #3F3}.passedeven td {background-color: #0A0}.skippedodd td {background-color: #DDD}.skippedeven td {background-color: #CCC}.failedodd td,.attn {background-color: #F33}.failedeven td,.stripe .attn {background-color: #D00}.stacktrace {white-space:pre;font-family:monospace}.totop {font-size:85%;text-align:center;border-bottom:2px solid #000}.invisible {display:none}</style>
</head>
<body>
<table>
<tr><th>Test</th><th># Passed</th><th># Skipped</th><th># Failed</th><th>Time (ms)</th><th>Included Groups</th><th>Excluded Groups</th></tr>
<tr><th colspan="7">Suite</th></tr>
<tr><td><a href="#t0">Test</a></td><td class="num">17</td><td class="num attn">6</td><td class="num attn">2</td><td class="num">616,801</td><td></td><td></td></tr>
</table>
<table id='summary'><thead><tr><th>Class</th><th>Method</th><th>Start</th><th>Time (ms)</th></tr></thead><tbody><tr><th colspan="4">Suite</th></tr></tbody><tbody id="t0"><tr><th colspan="4">Test &#8212; failed</th></tr><tr class="failedeven"><td rowspan="2">testModules.LoginTests</td><td><a href="#m0">dismissKeyboard</a></td><td rowspan="1">1538637942792</td><td rowspan="1">1950</td></tr><tr class="failedeven"><td><a href="#m1">passwordInCaps</a></td><td rowspan="1">1538637880180</td><td rowspan="1">39679</td></tr><tr><th colspan="4">Test &#8212; skipped</th></tr><tr class="skippedeven"><td rowspan="6">testModules.LoginTests</td><td><a href="#m2">dismissKeyboard</a></td><td rowspan="2">1538637933384</td><td rowspan="2">2989</td></tr><tr class="skippedeven"><td><a href="#m3">dismissKeyboard</a></td></tr><tr class="skippedeven"><td><a href="#m4">passwordInCaps</a></td><td rowspan="2">1538637761110</td><td rowspan="2">54334</td></tr><tr class="skippedeven"><td><a href="#m5">passwordInCaps</a></td></tr><tr class="skippedeven"><td><a href="#m6">positiveLogin</a></td><td rowspan="1">1538637950739</td><td rowspan="1">32394</td></tr><tr class="skippedeven"><td><a href="#m7">wrongPassword</a></td><td rowspan="1">1538637688818</td><td rowspan="1">25936</td></tr><tr><th colspan="4">Test &#8212; passed</th></tr><tr class="passedeven"><td rowspan="17">testModules.LoginTests</td><td><a href="#m8">TermsAndCondLink</a></td><td rowspan="1">1538637588077</td><td rowspan="1">8676</td></tr><tr class="passedeven"><td><a href="#m9">TermsAndCondOff</a></td><td rowspan="1">1538637603182</td><td rowspan="1">17267</td></tr><tr class="passedeven"><td><a href="#m10">checkLogin</a></td><td rowspan="1">1538638017768</td><td rowspan="1">8496</td></tr><tr class="passedeven"><td><a href="#m11">forgotPasswordCancel</a></td><td rowspan="1">1538637581081</td><td rowspan="1">1291</td></tr><tr class="passedeven"><td><a href="#m12">forgotPasswordPage</a></td><td rowspan="1">1538637558726</td><td rowspan="1">15457</td></tr><tr class="passedeven"><td><a href="#m13">logOutUsernameCheck</a></td><td rowspan="1">1538638039423</td><td rowspan="1">1052</td></tr><tr class="passedeven"><td><a href="#m14">loginElementsDisplay</a></td><td rowspan="1">1538637528878</td><td rowspan="1">7257</td></tr><tr class="passedeven"><td><a href="#m15">noPassword</a></td><td rowspan="1">1538637653635</td><td rowspan="1">7073</td></tr><tr class="passedeven"><td><a href="#m16">noUserAndPass</a></td><td rowspan="1">1538637625831</td><td rowspan="1">7878</td></tr><tr class="passedeven"><td><a href="#m17">noUsername</a></td><td rowspan="1">1538637639907</td><td rowspan="1">6065</td></tr><tr class="passedeven"><td><a href="#m18">offlineLogin</a></td><td rowspan="1">1538638046115</td><td rowspan="1">37906</td></tr><tr class="passedeven"><td><a href="#m19">offlineLoginDiffUser</a></td><td rowspan="1">1538638090053</td><td rowspan="1">23678</td></tr><tr class="passedeven"><td><a href="#m20">positiveLogin</a></td><td rowspan="1">1538637995474</td><td rowspan="1">22293</td></tr><tr class="passedeven"><td><a href="#m21">stringVisiblity</a></td><td rowspan="1">1538637543505</td><td rowspan="1">9462</td></tr><tr class="passedeven"><td><a href="#m22">wrongPassword</a></td><td rowspan="1">1538637721095</td><td rowspan="1">13393</td></tr><tr class="passedeven"><td><a href="#m23">wrongUserAndPass</a></td><td rowspan="1">1538637741079</td><td rowspan="1">13466</td></tr><tr class="passedeven"><td><a href="#m24">wrongUsername</a></td><td rowspan="1">1538637667419</td><td rowspan="1">14020</td></tr></tbody>
</table>
<h2>Test</h2><h3 id="m0">testModules.LoginTests#dismissKeyboard</h3><table class="result"><tr><th>Exception</th></tr><tr><td><div class="stacktrace">java.lang.AssertionError: expected [true] but found [false]
	at testModules.LoginTests.dismissKeyboard(LoginTests.java:333)
... Removed 31 stack frames</div></td></tr></table><p class="totop"><a href="#summary">back to summary</a></p>
<h3 id="m1">testModules.LoginTests#passwordInCaps</h3><table class="result"><tr class="param"><th>Parameter #1</th><th>Parameter #2</th></tr><tr class="param stripe"><td>kiwitech2</td><td>HVAVC2</td></tr><tr><th colspan="2">Exception</th></tr><tr><td colspan="2"><div class="stacktrace">java.lang.AssertionError: expected [true] but found [false]
	at testModules.LoginTests.passwordInCaps(LoginTests.java:313)
... Removed 31 stack frames</div></td></tr></table><p class="totop"><a href="#summary">back to summary</a></p>
<h3 id="m2">testModules.LoginTests#dismissKeyboard</h3><table class="result"><tr><th>Exception</th></tr><tr><td><div class="stacktrace">java.lang.AssertionError: expected [true] but found [false]
	at testModules.LoginTests.dismissKeyboard(LoginTests.java:333)
... Removed 31 stack frames</div></td></tr></table><p class="totop"><a href="#summary">back to summary</a></p>
<h3 id="m3">testModules.LoginTests#dismissKeyboard</h3><table class="result"><tr><th>Exception</th></tr><tr><td><div class="stacktrace">java.lang.AssertionError: expected [true] but found [false]
	at testModules.LoginTests.dismissKeyboard(LoginTests.java:333)
... Removed 31 stack frames</div></td></tr></table><p class="totop"><a href="#summary">back to summary</a></p>
<h3 id="m4">testModules.LoginTests#passwordInCaps</h3><table class="result"><tr class="param"><th>Parameter #1</th><th>Parameter #2</th></tr><tr class="param stripe"><td>kiwitech2</td><td>HVAVC2</td></tr><tr><th colspan="2">Exception</th></tr><tr><td colspan="2"><div class="stacktrace">org.openqa.selenium.NoSuchElementException: Can&apos;t locate an element by this strategy: By.chained({By.AccessibilityId: Log Out})
	at io.appium.java_client.pagefactory.AppiumElementLocator.findElement(AppiumElementLocator.java:126)
	at io.appium.java_client.pagefactory.interceptors.InterceptorOfASingleElement.intercept(InterceptorOfASingleElement.java:60)
	at io.appium.java_client.ios.IOSElement$$EnhancerByCGLIB$$d311658.click(&lt;generated&gt;)
	at testModules.LoginTests.passwordInCaps(LoginTests.java:312)
Caused by: org.openqa.selenium.TimeoutException: Expected condition failed: waiting for io.appium.java_client.pagefactory.AppiumElementLocator$WaitingFunction@28a6301f (tried for 1 second(s) with 500 milliseconds interval)
	at org.openqa.selenium.support.ui.FluentWait.timeoutException(FluentWait.java:303)
	at org.openqa.selenium.support.ui.FluentWait.until(FluentWait.java:271)
	at io.appium.java_client.pagefactory.AppiumElementLocator.waitFor(AppiumElementLocator.java:99)
	at io.appium.java_client.pagefactory.AppiumElementLocator.findElement(AppiumElementLocator.java:119)
	... 28 more
Caused by: org.openqa.selenium.NoSuchElementException: Cannot locate an element using By.chained({By.AccessibilityId: Log Out})
For documentation on this error, please visit: http://seleniumhq.org/exceptions/no_such_element.html
Build info: version: &apos;3.14.0&apos;, revision: &apos;aacccce0&apos;, time: &apos;2018-08-02T20:19:58.91Z&apos;
System info: host: &apos;KiwiTechs-Mac-mini-4.local&apos;, ip: &apos;fe80:0:0:0:1423:5526:68df:60db%en0&apos;, os.name: &apos;Mac OS X&apos;, os.arch: &apos;x86_64&apos;, os.version: &apos;10.13.3&apos;, java.version: &apos;1.8.0_162&apos;
Driver info: driver.version: IOSDriver
	at io.appium.java_client.pagefactory.bys.builder.ByChained.findElement(ByChained.java:74)
	at org.openqa.selenium.remote.RemoteWebDriver.findElement(RemoteWebDriver.java:314)
	at io.appium.java_client.DefaultGenericMobileDriver.findElement(DefaultGenericMobileDriver.java:58)
	at io.appium.java_client.AppiumDriver.findElement(AppiumDriver.java:1)
	at io.appium.java_client.ios.IOSDriver.findElement(IOSDriver.java:1)
	at io.appium.java_client.pagefactory.bys.ContentMappedBy.findElement(ContentMappedBy.java:50)
	at org.openqa.selenium.remote.RemoteWebDriver.findElement(RemoteWebDriver.java:314)
	at io.appium.java_client.DefaultGenericMobileDriver.findElement(DefaultGenericMobileDriver.java:58)
	at io.appium.java_client.AppiumDriver.findElement(AppiumDriver.java:1)
	at io.appium.java_client.ios.IOSDriver.findElement(IOSDriver.java:1)
	at io.appium.java_client.pagefactory.AppiumElementLocator.lambda$0(AppiumElementLocator.java:120)
	at io.appium.java_client.pagefactory.AppiumElementLocator$WaitingFunction.apply(AppiumElementLocator.java:172)
	at io.appium.java_client.pagefactory.AppiumElementLocator$WaitingFunction.apply(AppiumElementLocator.java:1)
	at org.openqa.selenium.support.ui.FluentWait.until(FluentWait.java:248)
	... 30 more
... Removed 25 stack frames</div></td></tr></table><p class="totop"><a href="#summary">back to summary</a></p>
<h3 id="m5">testModules.LoginTests#passwordInCaps</h3><table class="result"><tr class="param"><th>Parameter #1</th><th>Parameter #2</th></tr><tr class="param stripe"><td>kiwitech2</td><td>HVAVC2</td></tr><tr><th colspan="2">Exception</th></tr><tr><td colspan="2"><div class="stacktrace">java.lang.AssertionError: expected [true] but found [false]
	at testModules.LoginTests.passwordInCaps(LoginTests.java:313)
... Removed 31 stack frames</div></td></tr></table><p class="totop"><a href="#summary">back to summary</a></p>
<h3 id="m6">testModules.LoginTests#positiveLogin</h3><table class="result"><tr class="param"><th>Parameter #1</th><th>Parameter #2</th></tr><tr class="param stripe"><td>kiwitech2</td><td>hvavc2</td></tr><tr><th colspan="2">Exception</th></tr><tr><td colspan="2"><div class="stacktrace">java.lang.AssertionError: expected [true] but found [false]
	at testModules.LoginTests.positiveLogin(LoginTests.java:353)
... Removed 31 stack frames</div></td></tr></table><p class="totop"><a href="#summary">back to summary</a></p>
<h3 id="m7">testModules.LoginTests#wrongPassword</h3><table class="result"><tr class="param"><th>Parameter #1</th><th>Parameter #2</th></tr><tr class="param stripe"><td>kiwitech2</td><td>hvavc</td></tr><tr><th colspan="2">Exception</th></tr><tr><td colspan="2"><div class="stacktrace">java.lang.AssertionError: expected [true] but found [false]
	at testModules.LoginTests.wrongPassword(LoginTests.java:267)
... Removed 31 stack frames</div></td></tr></table><p class="totop"><a href="#summary">back to summary</a></p>
<h3 id="m8">testModules.LoginTests#TermsAndCondLink</h3><table class="result"><tr><th class="invisible"/></tr></table><p class="totop"><a href="#summary">back to summary</a></p>
<h3 id="m9">testModules.LoginTests#TermsAndCondOff</h3><table class="result"><tr><th class="invisible"/></tr></table><p class="totop"><a href="#summary">back to summary</a></p>
<h3 id="m10">testModules.LoginTests#checkLogin</h3><table class="result"><tr><th class="invisible"/></tr></table><p class="totop"><a href="#summary">back to summary</a></p>
<h3 id="m11">testModules.LoginTests#forgotPasswordCancel</h3><table class="result"><tr><th class="invisible"/></tr></table><p class="totop"><a href="#summary">back to summary</a></p>
<h3 id="m12">testModules.LoginTests#forgotPasswordPage</h3><table class="result"><tr><th class="invisible"/></tr></table><p class="totop"><a href="#summary">back to summary</a></p>
<h3 id="m13">testModules.LoginTests#logOutUsernameCheck</h3><table class="result"><tr class="param"><th>Parameter #1</th></tr><tr class="param stripe"><td>kiwitech2</td></tr></table><p class="totop"><a href="#summary">back to summary</a></p>
<h3 id="m14">testModules.LoginTests#loginElementsDisplay</h3><table class="result"><tr><th class="invisible"/></tr></table><p class="totop"><a href="#summary">back to summary</a></p>
<h3 id="m15">testModules.LoginTests#noPassword</h3><table class="result"><tr class="param"><th>Parameter #1</th></tr><tr class="param stripe"><td>kiwitech2</td></tr></table><p class="totop"><a href="#summary">back to summary</a></p>
<h3 id="m16">testModules.LoginTests#noUserAndPass</h3><table class="result"><tr><th class="invisible"/></tr></table><p class="totop"><a href="#summary">back to summary</a></p>
<h3 id="m17">testModules.LoginTests#noUsername</h3><table class="result"><tr class="param"><th>Parameter #1</th></tr><tr class="param stripe"><td>hvavc2</td></tr></table><p class="totop"><a href="#summary">back to summary</a></p>
<h3 id="m18">testModules.LoginTests#offlineLogin</h3><table class="result"><tr class="param"><th>Parameter #1</th><th>Parameter #2</th></tr><tr class="param stripe"><td>kiwitech2</td><td>hvavc2</td></tr></table><p class="totop"><a href="#summary">back to summary</a></p>
<h3 id="m19">testModules.LoginTests#offlineLoginDiffUser</h3><table class="result"><tr class="param"><th>Parameter #1</th><th>Parameter #2</th></tr><tr class="param stripe"><td>kiwitech3</td><td>hvavc3</td></tr></table><p class="totop"><a href="#summary">back to summary</a></p>
<h3 id="m20">testModules.LoginTests#positiveLogin</h3><table class="result"><tr class="param"><th>Parameter #1</th><th>Parameter #2</th></tr><tr class="param stripe"><td>kiwitech2</td><td>hvavc2</td></tr></table><p class="totop"><a href="#summary">back to summary</a></p>
<h3 id="m21">testModules.LoginTests#stringVisiblity</h3><table class="result"><tr class="param"><th>Parameter #1</th><th>Parameter #2</th></tr><tr class="param stripe"><td>kiwitech1</td><td>password</td></tr></table><p class="totop"><a href="#summary">back to summary</a></p>
<h3 id="m22">testModules.LoginTests#wrongPassword</h3><table class="result"><tr class="param"><th>Parameter #1</th><th>Parameter #2</th></tr><tr class="param stripe"><td>kiwitech2</td><td>hvavc</td></tr></table><p class="totop"><a href="#summary">back to summary</a></p>
<h3 id="m23">testModules.LoginTests#wrongUserAndPass</h3><table class="result"><tr class="param"><th>Parameter #1</th><th>Parameter #2</th></tr><tr class="param stripe"><td>@##$%%^^^</td><td>##$%^^&amp;&amp;&amp;</td></tr></table><p class="totop"><a href="#summary">back to summary</a></p>
<h3 id="m24">testModules.LoginTests#wrongUsername</h3><table class="result"><tr class="param"><th>Parameter #1</th><th>Parameter #2</th></tr><tr class="param stripe"><td>kiwitech22</td><td>hvavc2</td></tr></table><p class="totop"><a href="#summary">back to summary</a></p>
</body>
</html>
