<?xml version="1.0" encoding="UTF-8"?>
<!-- Generated by org.testng.reporters.JUnitReportReporter -->
<testsuite skipped="0" hostname="KiwiTechs-Mac-mini-4.local" name="testModules.Property_HouseDetailsTest" tests="34" failures="1" timestamp="03 Oct 2018 15:24:07 GMT" time="926.263" errors="0">
  <testcase name="garageSizeDropDown" time="14.827" classname="testModules.Property_HouseDetailsTest"/>
  <testcase name="garageConversionDropDown" time="26.441" classname="testModules.Property_HouseDetailsTest"/>
  <testcase name="houseDetailsBtn" time="19.013" classname="testModules.Property_HouseDetailsTest"/>
  <testcase name="acDropDown" time="27.753" classname="testModules.Property_HouseDetailsTest"/>
  <testcase name="deleteAmenities" time="43.189" classname="testModules.Property_HouseDetailsTest"/>
  <testcase name="exteriorStyleDropDown" time="31.915" classname="testModules.Property_HouseDetailsTest"/>
  <testcase name="selectPricingProfile" time="17.364" classname="testModules.Property_HouseDetailsTest">
    <failure type="java.lang.AssertionError" message="expected [true] but found [false]">
      <![CDATA[java.lang.AssertionError: expected [true] but found [false]
at org.testng.Assert.fail(Assert.java:96)
at org.testng.Assert.failNotEquals(Assert.java:776)
at org.testng.Assert.assertEqualsImpl(Assert.java:137)
at org.testng.Assert.assertEquals(Assert.java:118)
at org.testng.Assert.assertEquals(Assert.java:568)
at org.testng.Assert.assertEquals(Assert.java:578)
at testModules.Property_HouseDetailsTest.selectPricingProfile(Property_HouseDetailsTest.java:658)
at sun.reflect.NativeMethodAccessorImpl.invoke0(Native Method)
at sun.reflect.NativeMethodAccessorImpl.invoke(NativeMethodAccessorImpl.java:62)
at sun.reflect.DelegatingMethodAccessorImpl.invoke(DelegatingMethodAccessorImpl.java:43)
at java.lang.reflect.Method.invoke(Method.java:498)
at org.testng.internal.MethodInvocationHelper.invokeMethod(MethodInvocationHelper.java:124)
at org.testng.internal.Invoker.invokeMethod(Invoker.java:580)
at org.testng.internal.Invoker.invokeTestMethod(Invoker.java:716)
at org.testng.internal.Invoker.invokeTestMethods(Invoker.java:988)
at org.testng.internal.TestMethodWorker.invokeTestMethods(TestMethodWorker.java:125)
at org.testng.internal.TestMethodWorker.run(TestMethodWorker.java:109)
at org.testng.TestRunner.privateRun(TestRunner.java:648)
at org.testng.TestRunner.run(TestRunner.java:505)
at org.testng.SuiteRunner.runTest(SuiteRunner.java:455)
at org.testng.SuiteRunner.runSequentially(SuiteRunner.java:450)
at org.testng.SuiteRunner.privateRun(SuiteRunner.java:415)
at org.testng.SuiteRunner.run(SuiteRunner.java:364)
at org.testng.SuiteRunnerWorker.runSuite(SuiteRunnerWorker.java:52)
at org.testng.SuiteRunnerWorker.run(SuiteRunnerWorker.java:84)
at org.testng.TestNG.runSuitesSequentially(TestNG.java:1208)
at org.testng.TestNG.runSuitesLocally(TestNG.java:1137)
at org.testng.TestNG.runSuites(TestNG.java:1049)
at org.testng.TestNG.run(TestNG.java:1017)
at org.testng.remote.AbstractRemoteTestNG.run(AbstractRemoteTestNG.java:114)
at org.testng.remote.RemoteTestNG.initAndRun(RemoteTestNG.java:251)
at org.testng.remote.RemoteTestNG.main(RemoteTestNG.java:77)
]]>
    </failure>
  </testcase> <!-- selectPricingProfile -->
  <testcase name="addFeature" time="25.985" classname="testModules.Property_HouseDetailsTest"/>
  <testcase name="addressUpdate" time="90.438" classname="testModules.Property_HouseDetailsTest"/>
  <testcase name="addOnDropDown" time="22.653" classname="testModules.Property_HouseDetailsTest"/>
  <testcase name="garageConversionField" time="21.007" classname="testModules.Property_HouseDetailsTest"/>
  <testcase name="addOnField" time="21.311" classname="testModules.Property_HouseDetailsTest"/>
  <testcase name="tapGarageCheckBox" time="13.455" classname="testModules.Property_HouseDetailsTest"/>
  <testcase name="editZillowFields" time="66.974" classname="testModules.Property_HouseDetailsTest"/>
  <testcase name="addingDataInAmenities" time="53.676" classname="testModules.Property_HouseDetailsTest"/>
  <testcase name="screenSections" time="22.774" classname="testModules.Property_HouseDetailsTest"/>
  <testcase name="checkZillowField" time="24.427" classname="testModules.Property_HouseDetailsTest"/>
  <testcase name="zillowLogo" time="21.628" classname="testModules.Property_HouseDetailsTest"/>
  <testcase name="houseDetailsSelection" time="13.755" classname="testModules.Property_HouseDetailsTest"/>
  <testcase name="houseDimensions" time="32.654" classname="testModules.Property_HouseDetailsTest"/>
  <testcase name="projectNameOnTop" time="10.546" classname="testModules.Property_HouseDetailsTest"/>
  <testcase name="storageBuildingDropDown" time="29.329" classname="testModules.Property_HouseDetailsTest"/>
  <testcase name="zillowText" time="14.254" classname="testModules.Property_HouseDetailsTest"/>
  <testcase name="hotTub" time="27.362" classname="testModules.Property_HouseDetailsTest"/>
  <testcase name="notesHouseDetails" time="26.989" classname="testModules.Property_HouseDetailsTest"/>
  <testcase name="homeStyleDropDown" time="25.686" classname="testModules.Property_HouseDetailsTest"/>
  <testcase name="safeSizeInfo" time="4.162" classname="testModules.Property_HouseDetailsTest"/>
  <testcase name="storageBuildingField" time="22.370" classname="testModules.Property_HouseDetailsTest"/>
  <testcase name="houseDetailsCheckmark" time="21.703" classname="testModules.Property_HouseDetailsTest"/>
  <testcase name="poolDropDown" time="26.493" classname="testModules.Property_HouseDetailsTest"/>
  <testcase name="clickableLogo" time="42.387" classname="testModules.Property_HouseDetailsTest"/>
  <testcase name="safeSize" time="15.278" classname="testModules.Property_HouseDetailsTest"/>
  <testcase name="houseDetailsCell" time="13.463" classname="testModules.Property_HouseDetailsTest"/>
  <testcase name="offlineBrandingCheck" time="35.002" classname="testModules.Property_HouseDetailsTest"/>
</testsuite> <!-- testModules.Property_HouseDetailsTest -->
