<?xml version="1.0" encoding="UTF-8"?>
<!-- Generated by org.testng.reporters.JUnitReportReporter -->
<testsuite skipped="3" hostname="KiwiTechs-Mac-mini-5.local" name="testModules.Property_Comparables_Redbell" tests="19" failures="1" timestamp="16 Oct 2018 10:14:10 GMT" time="738.057" errors="0">
  <testcase name="screenOrganised" time="22.130" classname="testModules.Property_Comparables_Redbell"/>
  <testcase name="comparablesObjects" time="43.802" classname="testModules.Property_Comparables_Redbell"/>
  <testcase name="editFields" time="65.822" classname="testModules.Property_Comparables_Redbell"/>
  <testcase name="costPerSqFt" time="43.261" classname="testModules.Property_Comparables_Redbell"/>
  <testcase name="reCalculateAvg" time="24.429" classname="testModules.Property_Comparables_Redbell"/>
  <testcase name="countTwice" time="23.071" classname="testModules.Property_Comparables_Redbell"/>
  <testcase name="acMenu" time="30.309" classname="testModules.Property_Comparables_Redbell"/>
  <testcase name="exteriorStyleMenu" time="42.204" classname="testModules.Property_Comparables_Redbell"/>
  <testcase name="reportSupplied" time="42.683" classname="testModules.Property_Comparables_Redbell">
    <skipped/>
  </testcase> <!-- reportSupplied -->
  <testcase name="selectedComparables" time="26.530" classname="testModules.Property_Comparables_Redbell"/>
  <testcase name="atMostFour" time="89.225" classname="testModules.Property_Comparables_Redbell"/>
  <testcase name="subjectProp" time="21.251" classname="testModules.Property_Comparables_Redbell">
    <skipped/>
  </testcase> <!-- subjectProp -->
  <testcase name="comparablesCount" time="12.514" classname="testModules.Property_Comparables_Redbell">
    <skipped/>
  </testcase> <!-- comparablesCount -->
  <testcase name="scrolling" time="42.626" classname="testModules.Property_Comparables_Redbell"/>
  <testcase name="reportSupplied" time="65.774" classname="testModules.Property_Comparables_Redbell">
    <failure type="java.lang.AssertionError" message="expected [true] but found [false]">
      <![CDATA[java.lang.AssertionError: expected [true] but found [false]
at org.testng.Assert.fail(Assert.java:96)
at org.testng.Assert.failNotEquals(Assert.java:776)
at org.testng.Assert.assertEqualsImpl(Assert.java:137)
at org.testng.Assert.assertEquals(Assert.java:118)
at org.testng.Assert.assertEquals(Assert.java:568)
at org.testng.Assert.assertEquals(Assert.java:578)
at testModules.Property_Comparables_Redbell.reportSupplied(Property_Comparables_Redbell.java:404)
at sun.reflect.NativeMethodAccessorImpl.invoke0(Native Method)
at sun.reflect.NativeMethodAccessorImpl.invoke(NativeMethodAccessorImpl.java:62)
at sun.reflect.DelegatingMethodAccessorImpl.invoke(DelegatingMethodAccessorImpl.java:43)
at java.lang.reflect.Method.invoke(Method.java:498)
at org.testng.internal.MethodInvocationHelper.invokeMethod(MethodInvocationHelper.java:124)
at org.testng.internal.Invoker.invokeMethod(Invoker.java:580)
at org.testng.internal.Invoker.retryFailed(Invoker.java:838)
at org.testng.internal.Invoker.invokeTestMethods(Invoker.java:1009)
at org.testng.internal.TestMethodWorker.invokeTestMethods(TestMethodWorker.java:125)
at org.testng.internal.TestMethodWorker.run(TestMethodWorker.java:109)
at org.testng.TestRunner.privateRun(TestRunner.java:648)
at org.testng.TestRunner.run(TestRunner.java:505)
at org.testng.SuiteRunner.runTest(SuiteRunner.java:455)
at org.testng.SuiteRunner.runSequentially(SuiteRunner.java:450)
at org.testng.SuiteRunner.privateRun(SuiteRunner.java:415)
at org.testng.SuiteRunner.run(SuiteRunner.java:364)
at org.testng.SuiteRunnerWorker.runSuite(SuiteRunnerWorker.java:52)
at org.testng.SuiteRunnerWorker.run(SuiteRunnerWorker.java:84)
at org.testng.TestNG.runSuitesSequentially(TestNG.java:1208)
at org.testng.TestNG.runSuitesLocally(TestNG.java:1137)
at org.testng.TestNG.runSuites(TestNG.java:1049)
at org.testng.TestNG.run(TestNG.java:1017)
at org.testng.remote.AbstractRemoteTestNG.run(AbstractRemoteTestNG.java:114)
at org.testng.remote.RemoteTestNG.initAndRun(RemoteTestNG.java:251)
at org.testng.remote.RemoteTestNG.main(RemoteTestNG.java:77)
]]>
    </failure>
  </testcase> <!-- reportSupplied -->
  <testcase name="subjectProp" time="31.355" classname="testModules.Property_Comparables_Redbell"/>
  <testcase name="noCountTwice" time="15.217" classname="testModules.Property_Comparables_Redbell"/>
  <testcase name="comparablesCount" time="68.249" classname="testModules.Property_Comparables_Redbell"/>
  <testcase name="notPopulated" time="27.605" classname="testModules.Property_Comparables_Redbell"/>
</testsuite> <!-- testModules.Property_Comparables_Redbell -->
