<?xml version="1.0" encoding="UTF-8"?>
<!-- Generated by org.testng.reporters.JUnitReportReporter -->
<testsuite skipped="1" hostname="KiwiTechs-Mac-mini-4.local" name="testModules.HomeScreenTests" tests="20" failures="1" timestamp="10 Oct 2018 14:09:55 GMT" time="1335.126" errors="0">
  <testcase name="dateAdded" time="53.630" classname="testModules.HomeScreenTests"/>
  <testcase name="propertyPhasesNumber" time="46.404" classname="testModules.HomeScreenTests"/>
  <testcase name="menuBtnCheck" time="4.856" classname="testModules.HomeScreenTests">
    <skipped/>
  </testcase> <!-- menuBtnCheck -->
  <testcase name="autoSelectedPhases" time="32.880" classname="testModules.HomeScreenTests"/>
  <testcase name="team" time="54.834" classname="testModules.HomeScreenTests"/>
  <testcase name="propertiesInView" time="66.486" classname="testModules.HomeScreenTests"/>
  <testcase name="logOut" time="30.906" classname="testModules.HomeScreenTests"/>
  <testcase name="navDrawerScroll" time="52.346" classname="testModules.HomeScreenTests"/>
  <testcase name="loanPhases" time="67.450" classname="testModules.HomeScreenTests"/>
  <testcase name="checkHomeElements" time="5.233" classname="testModules.HomeScreenTests"/>
  <testcase name="closeAndOpenCheck" time="166.330" classname="testModules.HomeScreenTests"/>
  <testcase name="settingsHeader" time="80.299" classname="testModules.HomeScreenTests"/>
  <testcase name="navDrawerFolders" time="107.803" classname="testModules.HomeScreenTests"/>
  <testcase name="oneFilterOnly" time="39.446" classname="testModules.HomeScreenTests"/>
  <testcase name="filterOnProperty" time="254.750" classname="testModules.HomeScreenTests"/>
  <testcase name="folderState" time="99.067" classname="testModules.HomeScreenTests"/>
  <testcase name="propertyPhases" time="40.570" classname="testModules.HomeScreenTests"/>
  <testcase name="menuBtnCheck" time="10.753" classname="testModules.HomeScreenTests">
    <failure type="java.lang.AssertionError" message="expected [true] but found [false]">
      <![CDATA[java.lang.AssertionError: expected [true] but found [false]
at org.testng.Assert.fail(Assert.java:96)
at org.testng.Assert.failNotEquals(Assert.java:776)
at org.testng.Assert.assertEqualsImpl(Assert.java:137)
at org.testng.Assert.assertEquals(Assert.java:118)
at org.testng.Assert.assertEquals(Assert.java:568)
at org.testng.Assert.assertEquals(Assert.java:578)
at testModules.HomeScreenTests.menuBtnCheck(HomeScreenTests.java:120)
at sun.reflect.NativeMethodAccessorImpl.invoke0(Native Method)
at sun.reflect.NativeMethodAccessorImpl.invoke(NativeMethodAccessorImpl.java:62)
at sun.reflect.DelegatingMethodAccessorImpl.invoke(DelegatingMethodAccessorImpl.java:43)
at java.lang.reflect.Method.invoke(Method.java:498)
at org.testng.internal.MethodInvocationHelper.invokeMethod(MethodInvocationHelper.java:124)
at org.testng.internal.Invoker.invokeMethod(Invoker.java:580)
at org.testng.internal.Invoker.retryFailed(Invoker.java:838)
at org.testng.internal.Invoker.invokeTestMethods(Invoker.java:1009)
at org.testng.internal.TestMethodWorker.invokeTestMethods(TestMethodWorker.java:125)
at org.testng.internal.TestMethodWorker.run(TestMethodWorker.java:109)
at org.testng.TestRunner.privateRun(TestRunner.java:648)
at org.testng.TestRunner.run(TestRunner.java:505)
at org.testng.SuiteRunner.runTest(SuiteRunner.java:455)
at org.testng.SuiteRunner.runSequentially(SuiteRunner.java:450)
at org.testng.SuiteRunner.privateRun(SuiteRunner.java:415)
at org.testng.SuiteRunner.run(SuiteRunner.java:364)
at org.testng.SuiteRunnerWorker.runSuite(SuiteRunnerWorker.java:52)
at org.testng.SuiteRunnerWorker.run(SuiteRunnerWorker.java:84)
at org.testng.TestNG.runSuitesSequentially(TestNG.java:1208)
at org.testng.TestNG.runSuitesLocally(TestNG.java:1137)
at org.testng.TestNG.runSuites(TestNG.java:1049)
at org.testng.TestNG.run(TestNG.java:1017)
at org.testng.remote.AbstractRemoteTestNG.run(AbstractRemoteTestNG.java:114)
at org.testng.remote.RemoteTestNG.initAndRun(RemoteTestNG.java:251)
at org.testng.remote.RemoteTestNG.main(RemoteTestNG.java:77)
]]>
    </failure>
  </testcase> <!-- menuBtnCheck -->
  <testcase name="filterOnLoan" time="108.821" classname="testModules.HomeScreenTests"/>
  <testcase name="menuCloseOutside" time="12.262" classname="testModules.HomeScreenTests"/>
</testsuite> <!-- testModules.HomeScreenTests -->
